<?xml version="1.0" encoding="UTF-8"?>
<testng-results ignored="0" total="1" passed="1" failed="0" skipped="0">
  <reporter-output>
  </reporter-output>
  <suite started-at="2020-01-20T22:23:17 IST" name="Default suite" finished-at="2020-01-20T22:23:18 IST" duration-ms="114">
    <groups>
    </groups>
    <test started-at="2020-01-20T22:23:17 IST" name="Default test" finished-at="2020-01-20T22:23:18 IST" duration-ms="114">
      <class name="findmypikachu.TestNGFirst">
        <test-method is-config="true" signature="beforeTest()[pri:0, instance:findmypikachu.TestNGFirst@8909f18]" started-at="2020-01-20T22:23:17 IST" name="beforeTest" finished-at="2020-01-20T22:23:17 IST" duration-ms="42" status="PASS">
          <reporter-output>
          </reporter-output>
        </test-method> <!-- beforeTest -->
        <test-method signature="f()[pri:0, instance:findmypikachu.TestNGFirst@8909f18]" started-at="2020-01-20T22:23:17 IST" name="f" finished-at="2020-01-20T22:23:18 IST" duration-ms="19" status="PASS">
          <reporter-output>
          </reporter-output>
        </test-method> <!-- f -->
        <test-method is-config="true" signature="afterTest()[pri:0, instance:findmypikachu.TestNGFirst@8909f18]" started-at="2020-01-20T22:23:18 IST" name="afterTest" finished-at="2020-01-20T22:23:18 IST" duration-ms="0" status="PASS">
          <reporter-output>
          </reporter-output>
        </test-method> <!-- afterTest -->
      </class> <!-- findmypikachu.TestNGFirst -->
    </test> <!-- Default test -->
  </suite> <!-- Default suite -->
</testng-results>
